CRITICAL - 2022-11-25 02:42:58 --> syntax error, unexpected ''csrf'' (T_CONSTANT_ENCAPSED_STRING), expecting ']'
in APPPATH\Config\Filters.php on line 31.
 1 SYSTEMPATH\Autoloader\Autoloader.php(259): CodeIgniter\Autoloader\Autoloader->includeFile('APPPATH\\Config\\Filters.php')
 2 SYSTEMPATH\Autoloader\Autoloader.php(237): CodeIgniter\Autoloader\Autoloader->loadInNamespace('Config\\Filters')
 3 [internal function]: CodeIgniter\Autoloader\Autoloader->loadClass('Config\\Filters')
 4 [internal function]: spl_autoload_call('Config\\Filters')
 5 SYSTEMPATH\Config\Factories.php(155): class_exists('Config\\Filters')
 6 SYSTEMPATH\Config\Factories.php(125): CodeIgniter\Config\Factories::locateClass([...], 'Filters')
 7 SYSTEMPATH\Common.php(203): CodeIgniter\Config\Factories::__callStatic('config', [])
 8 SYSTEMPATH\Config\Services.php(283): config('Filters')
 9 SYSTEMPATH\Config\BaseService.php(253): CodeIgniter\Config\Services::filters(null, false)
10 SYSTEMPATH\Config\BaseService.php(194): CodeIgniter\Config\BaseService::__callStatic('filters', [...])
11 SYSTEMPATH\Config\Services.php(280): CodeIgniter\Config\BaseService::getSharedInstance('filters', null)
12 SYSTEMPATH\Config\BaseService.php(253): CodeIgniter\Config\Services::filters()
13 SYSTEMPATH\CodeIgniter.php(435): CodeIgniter\Config\BaseService::__callStatic('filters', [])
14 SYSTEMPATH\CodeIgniter.php(351): CodeIgniter\CodeIgniter->handleRequest(null, Object(Config\Cache), false)
15 FCPATH\index.php(67): CodeIgniter\CodeIgniter->run()
16 SYSTEMPATH\Commands\Server\rewrite.php(46): require_once('FCPATH\\index.php')
CRITICAL - 2022-11-25 02:43:45 --> syntax error, unexpected ''csrf'' (T_CONSTANT_ENCAPSED_STRING), expecting ']'
in APPPATH\Config\Filters.php on line 31.
 1 SYSTEMPATH\Autoloader\Autoloader.php(259): CodeIgniter\Autoloader\Autoloader->includeFile('APPPATH\\Config\\Filters.php')
 2 SYSTEMPATH\Autoloader\Autoloader.php(237): CodeIgniter\Autoloader\Autoloader->loadInNamespace('Config\\Filters')
 3 [internal function]: CodeIgniter\Autoloader\Autoloader->loadClass('Config\\Filters')
 4 [internal function]: spl_autoload_call('Config\\Filters')
 5 SYSTEMPATH\Config\Factories.php(155): class_exists('Config\\Filters')
 6 SYSTEMPATH\Config\Factories.php(125): CodeIgniter\Config\Factories::locateClass([...], 'Filters')
 7 SYSTEMPATH\Common.php(203): CodeIgniter\Config\Factories::__callStatic('config', [])
 8 SYSTEMPATH\Config\Services.php(283): config('Filters')
 9 SYSTEMPATH\Config\BaseService.php(253): CodeIgniter\Config\Services::filters(null, false)
10 SYSTEMPATH\Config\BaseService.php(194): CodeIgniter\Config\BaseService::__callStatic('filters', [...])
11 SYSTEMPATH\Config\Services.php(280): CodeIgniter\Config\BaseService::getSharedInstance('filters', null)
12 SYSTEMPATH\Config\BaseService.php(253): CodeIgniter\Config\Services::filters()
13 SYSTEMPATH\CodeIgniter.php(435): CodeIgniter\Config\BaseService::__callStatic('filters', [])
14 SYSTEMPATH\CodeIgniter.php(351): CodeIgniter\CodeIgniter->handleRequest(null, Object(Config\Cache), false)
15 FCPATH\index.php(67): CodeIgniter\CodeIgniter->run()
16 SYSTEMPATH\Commands\Server\rewrite.php(46): require_once('FCPATH\\index.php')
CRITICAL - 2022-11-25 02:43:45 --> syntax error, unexpected ''csrf'' (T_CONSTANT_ENCAPSED_STRING), expecting ']'
in APPPATH\Config\Filters.php on line 31.
 1 SYSTEMPATH\Autoloader\Autoloader.php(259): CodeIgniter\Autoloader\Autoloader->includeFile('APPPATH\\Config\\Filters.php')
 2 SYSTEMPATH\Autoloader\Autoloader.php(237): CodeIgniter\Autoloader\Autoloader->loadInNamespace('Config\\Filters')
 3 [internal function]: CodeIgniter\Autoloader\Autoloader->loadClass('Config\\Filters')
 4 [internal function]: spl_autoload_call('Config\\Filters')
 5 SYSTEMPATH\Config\Factories.php(155): class_exists('Config\\Filters')
 6 SYSTEMPATH\Config\Factories.php(125): CodeIgniter\Config\Factories::locateClass([...], 'Filters')
 7 SYSTEMPATH\Common.php(203): CodeIgniter\Config\Factories::__callStatic('config', [])
 8 SYSTEMPATH\Config\Services.php(283): config('Filters')
 9 SYSTEMPATH\Config\BaseService.php(253): CodeIgniter\Config\Services::filters(null, false)
10 SYSTEMPATH\Config\BaseService.php(194): CodeIgniter\Config\BaseService::__callStatic('filters', [...])
11 SYSTEMPATH\Config\Services.php(280): CodeIgniter\Config\BaseService::getSharedInstance('filters', null)
12 SYSTEMPATH\Config\BaseService.php(253): CodeIgniter\Config\Services::filters()
13 SYSTEMPATH\CodeIgniter.php(435): CodeIgniter\Config\BaseService::__callStatic('filters', [])
14 SYSTEMPATH\CodeIgniter.php(351): CodeIgniter\CodeIgniter->handleRequest(null, Object(Config\Cache), false)
15 FCPATH\index.php(67): CodeIgniter\CodeIgniter->run()
16 SYSTEMPATH\Commands\Server\rewrite.php(46): require_once('FCPATH\\index.php')
CRITICAL - 2022-11-25 02:43:46 --> syntax error, unexpected ''csrf'' (T_CONSTANT_ENCAPSED_STRING), expecting ']'
in APPPATH\Config\Filters.php on line 31.
 1 SYSTEMPATH\Autoloader\Autoloader.php(259): CodeIgniter\Autoloader\Autoloader->includeFile('APPPATH\\Config\\Filters.php')
 2 SYSTEMPATH\Autoloader\Autoloader.php(237): CodeIgniter\Autoloader\Autoloader->loadInNamespace('Config\\Filters')
 3 [internal function]: CodeIgniter\Autoloader\Autoloader->loadClass('Config\\Filters')
 4 [internal function]: spl_autoload_call('Config\\Filters')
 5 SYSTEMPATH\Config\Factories.php(155): class_exists('Config\\Filters')
 6 SYSTEMPATH\Config\Factories.php(125): CodeIgniter\Config\Factories::locateClass([...], 'Filters')
 7 SYSTEMPATH\Common.php(203): CodeIgniter\Config\Factories::__callStatic('config', [])
 8 SYSTEMPATH\Config\Services.php(283): config('Filters')
 9 SYSTEMPATH\Config\BaseService.php(253): CodeIgniter\Config\Services::filters(null, false)
10 SYSTEMPATH\Config\BaseService.php(194): CodeIgniter\Config\BaseService::__callStatic('filters', [...])
11 SYSTEMPATH\Config\Services.php(280): CodeIgniter\Config\BaseService::getSharedInstance('filters', null)
12 SYSTEMPATH\Config\BaseService.php(253): CodeIgniter\Config\Services::filters()
13 SYSTEMPATH\CodeIgniter.php(435): CodeIgniter\Config\BaseService::__callStatic('filters', [])
14 SYSTEMPATH\CodeIgniter.php(351): CodeIgniter\CodeIgniter->handleRequest(null, Object(Config\Cache), false)
15 FCPATH\index.php(67): CodeIgniter\CodeIgniter->run()
16 SYSTEMPATH\Commands\Server\rewrite.php(46): require_once('FCPATH\\index.php')
CRITICAL - 2022-11-25 02:43:46 --> syntax error, unexpected ''csrf'' (T_CONSTANT_ENCAPSED_STRING), expecting ']'
in APPPATH\Config\Filters.php on line 31.
 1 SYSTEMPATH\Autoloader\Autoloader.php(259): CodeIgniter\Autoloader\Autoloader->includeFile('APPPATH\\Config\\Filters.php')
 2 SYSTEMPATH\Autoloader\Autoloader.php(237): CodeIgniter\Autoloader\Autoloader->loadInNamespace('Config\\Filters')
 3 [internal function]: CodeIgniter\Autoloader\Autoloader->loadClass('Config\\Filters')
 4 [internal function]: spl_autoload_call('Config\\Filters')
 5 SYSTEMPATH\Config\Factories.php(155): class_exists('Config\\Filters')
 6 SYSTEMPATH\Config\Factories.php(125): CodeIgniter\Config\Factories::locateClass([...], 'Filters')
 7 SYSTEMPATH\Common.php(203): CodeIgniter\Config\Factories::__callStatic('config', [])
 8 SYSTEMPATH\Config\Services.php(283): config('Filters')
 9 SYSTEMPATH\Config\BaseService.php(253): CodeIgniter\Config\Services::filters(null, false)
10 SYSTEMPATH\Config\BaseService.php(194): CodeIgniter\Config\BaseService::__callStatic('filters', [...])
11 SYSTEMPATH\Config\Services.php(280): CodeIgniter\Config\BaseService::getSharedInstance('filters', null)
12 SYSTEMPATH\Config\BaseService.php(253): CodeIgniter\Config\Services::filters()
13 SYSTEMPATH\CodeIgniter.php(435): CodeIgniter\Config\BaseService::__callStatic('filters', [])
14 SYSTEMPATH\CodeIgniter.php(351): CodeIgniter\CodeIgniter->handleRequest(null, Object(Config\Cache), false)
15 FCPATH\index.php(67): CodeIgniter\CodeIgniter->run()
16 SYSTEMPATH\Commands\Server\rewrite.php(46): require_once('FCPATH\\index.php')
CRITICAL - 2022-11-25 02:43:46 --> syntax error, unexpected ''csrf'' (T_CONSTANT_ENCAPSED_STRING), expecting ']'
in APPPATH\Config\Filters.php on line 31.
 1 SYSTEMPATH\Autoloader\Autoloader.php(259): CodeIgniter\Autoloader\Autoloader->includeFile('APPPATH\\Config\\Filters.php')
 2 SYSTEMPATH\Autoloader\Autoloader.php(237): CodeIgniter\Autoloader\Autoloader->loadInNamespace('Config\\Filters')
 3 [internal function]: CodeIgniter\Autoloader\Autoloader->loadClass('Config\\Filters')
 4 [internal function]: spl_autoload_call('Config\\Filters')
 5 SYSTEMPATH\Config\Factories.php(155): class_exists('Config\\Filters')
 6 SYSTEMPATH\Config\Factories.php(125): CodeIgniter\Config\Factories::locateClass([...], 'Filters')
 7 SYSTEMPATH\Common.php(203): CodeIgniter\Config\Factories::__callStatic('config', [])
 8 SYSTEMPATH\Config\Services.php(283): config('Filters')
 9 SYSTEMPATH\Config\BaseService.php(253): CodeIgniter\Config\Services::filters(null, false)
10 SYSTEMPATH\Config\BaseService.php(194): CodeIgniter\Config\BaseService::__callStatic('filters', [...])
11 SYSTEMPATH\Config\Services.php(280): CodeIgniter\Config\BaseService::getSharedInstance('filters', null)
12 SYSTEMPATH\Config\BaseService.php(253): CodeIgniter\Config\Services::filters()
13 SYSTEMPATH\CodeIgniter.php(435): CodeIgniter\Config\BaseService::__callStatic('filters', [])
14 SYSTEMPATH\CodeIgniter.php(351): CodeIgniter\CodeIgniter->handleRequest(null, Object(Config\Cache), false)
15 FCPATH\index.php(67): CodeIgniter\CodeIgniter->run()
16 SYSTEMPATH\Commands\Server\rewrite.php(46): require_once('FCPATH\\index.php')
CRITICAL - 2022-11-25 02:43:46 --> syntax error, unexpected ''csrf'' (T_CONSTANT_ENCAPSED_STRING), expecting ']'
in APPPATH\Config\Filters.php on line 31.
 1 SYSTEMPATH\Autoloader\Autoloader.php(259): CodeIgniter\Autoloader\Autoloader->includeFile('APPPATH\\Config\\Filters.php')
 2 SYSTEMPATH\Autoloader\Autoloader.php(237): CodeIgniter\Autoloader\Autoloader->loadInNamespace('Config\\Filters')
 3 [internal function]: CodeIgniter\Autoloader\Autoloader->loadClass('Config\\Filters')
 4 [internal function]: spl_autoload_call('Config\\Filters')
 5 SYSTEMPATH\Config\Factories.php(155): class_exists('Config\\Filters')
 6 SYSTEMPATH\Config\Factories.php(125): CodeIgniter\Config\Factories::locateClass([...], 'Filters')
 7 SYSTEMPATH\Common.php(203): CodeIgniter\Config\Factories::__callStatic('config', [])
 8 SYSTEMPATH\Config\Services.php(283): config('Filters')
 9 SYSTEMPATH\Config\BaseService.php(253): CodeIgniter\Config\Services::filters(null, false)
10 SYSTEMPATH\Config\BaseService.php(194): CodeIgniter\Config\BaseService::__callStatic('filters', [...])
11 SYSTEMPATH\Config\Services.php(280): CodeIgniter\Config\BaseService::getSharedInstance('filters', null)
12 SYSTEMPATH\Config\BaseService.php(253): CodeIgniter\Config\Services::filters()
13 SYSTEMPATH\CodeIgniter.php(435): CodeIgniter\Config\BaseService::__callStatic('filters', [])
14 SYSTEMPATH\CodeIgniter.php(351): CodeIgniter\CodeIgniter->handleRequest(null, Object(Config\Cache), false)
15 FCPATH\index.php(67): CodeIgniter\CodeIgniter->run()
16 SYSTEMPATH\Commands\Server\rewrite.php(46): require_once('FCPATH\\index.php')
CRITICAL - 2022-11-25 02:43:47 --> syntax error, unexpected ''csrf'' (T_CONSTANT_ENCAPSED_STRING), expecting ']'
in APPPATH\Config\Filters.php on line 31.
 1 SYSTEMPATH\Autoloader\Autoloader.php(259): CodeIgniter\Autoloader\Autoloader->includeFile('APPPATH\\Config\\Filters.php')
 2 SYSTEMPATH\Autoloader\Autoloader.php(237): CodeIgniter\Autoloader\Autoloader->loadInNamespace('Config\\Filters')
 3 [internal function]: CodeIgniter\Autoloader\Autoloader->loadClass('Config\\Filters')
 4 [internal function]: spl_autoload_call('Config\\Filters')
 5 SYSTEMPATH\Config\Factories.php(155): class_exists('Config\\Filters')
 6 SYSTEMPATH\Config\Factories.php(125): CodeIgniter\Config\Factories::locateClass([...], 'Filters')
 7 SYSTEMPATH\Common.php(203): CodeIgniter\Config\Factories::__callStatic('config', [])
 8 SYSTEMPATH\Config\Services.php(283): config('Filters')
 9 SYSTEMPATH\Config\BaseService.php(253): CodeIgniter\Config\Services::filters(null, false)
10 SYSTEMPATH\Config\BaseService.php(194): CodeIgniter\Config\BaseService::__callStatic('filters', [...])
11 SYSTEMPATH\Config\Services.php(280): CodeIgniter\Config\BaseService::getSharedInstance('filters', null)
12 SYSTEMPATH\Config\BaseService.php(253): CodeIgniter\Config\Services::filters()
13 SYSTEMPATH\CodeIgniter.php(435): CodeIgniter\Config\BaseService::__callStatic('filters', [])
14 SYSTEMPATH\CodeIgniter.php(351): CodeIgniter\CodeIgniter->handleRequest(null, Object(Config\Cache), false)
15 FCPATH\index.php(67): CodeIgniter\CodeIgniter->run()
16 SYSTEMPATH\Commands\Server\rewrite.php(46): require_once('FCPATH\\index.php')
CRITICAL - 2022-11-25 02:43:47 --> syntax error, unexpected ''csrf'' (T_CONSTANT_ENCAPSED_STRING), expecting ']'
in APPPATH\Config\Filters.php on line 31.
 1 SYSTEMPATH\Autoloader\Autoloader.php(259): CodeIgniter\Autoloader\Autoloader->includeFile('APPPATH\\Config\\Filters.php')
 2 SYSTEMPATH\Autoloader\Autoloader.php(237): CodeIgniter\Autoloader\Autoloader->loadInNamespace('Config\\Filters')
 3 [internal function]: CodeIgniter\Autoloader\Autoloader->loadClass('Config\\Filters')
 4 [internal function]: spl_autoload_call('Config\\Filters')
 5 SYSTEMPATH\Config\Factories.php(155): class_exists('Config\\Filters')
 6 SYSTEMPATH\Config\Factories.php(125): CodeIgniter\Config\Factories::locateClass([...], 'Filters')
 7 SYSTEMPATH\Common.php(203): CodeIgniter\Config\Factories::__callStatic('config', [])
 8 SYSTEMPATH\Config\Services.php(283): config('Filters')
 9 SYSTEMPATH\Config\BaseService.php(253): CodeIgniter\Config\Services::filters(null, false)
10 SYSTEMPATH\Config\BaseService.php(194): CodeIgniter\Config\BaseService::__callStatic('filters', [...])
11 SYSTEMPATH\Config\Services.php(280): CodeIgniter\Config\BaseService::getSharedInstance('filters', null)
12 SYSTEMPATH\Config\BaseService.php(253): CodeIgniter\Config\Services::filters()
13 SYSTEMPATH\CodeIgniter.php(435): CodeIgniter\Config\BaseService::__callStatic('filters', [])
14 SYSTEMPATH\CodeIgniter.php(351): CodeIgniter\CodeIgniter->handleRequest(null, Object(Config\Cache), false)
15 FCPATH\index.php(67): CodeIgniter\CodeIgniter->run()
16 SYSTEMPATH\Commands\Server\rewrite.php(46): require_once('FCPATH\\index.php')
CRITICAL - 2022-11-25 02:43:47 --> syntax error, unexpected ''csrf'' (T_CONSTANT_ENCAPSED_STRING), expecting ']'
in APPPATH\Config\Filters.php on line 31.
 1 SYSTEMPATH\Autoloader\Autoloader.php(259): CodeIgniter\Autoloader\Autoloader->includeFile('APPPATH\\Config\\Filters.php')
 2 SYSTEMPATH\Autoloader\Autoloader.php(237): CodeIgniter\Autoloader\Autoloader->loadInNamespace('Config\\Filters')
 3 [internal function]: CodeIgniter\Autoloader\Autoloader->loadClass('Config\\Filters')
 4 [internal function]: spl_autoload_call('Config\\Filters')
 5 SYSTEMPATH\Config\Factories.php(155): class_exists('Config\\Filters')
 6 SYSTEMPATH\Config\Factories.php(125): CodeIgniter\Config\Factories::locateClass([...], 'Filters')
 7 SYSTEMPATH\Common.php(203): CodeIgniter\Config\Factories::__callStatic('config', [])
 8 SYSTEMPATH\Config\Services.php(283): config('Filters')
 9 SYSTEMPATH\Config\BaseService.php(253): CodeIgniter\Config\Services::filters(null, false)
10 SYSTEMPATH\Config\BaseService.php(194): CodeIgniter\Config\BaseService::__callStatic('filters', [...])
11 SYSTEMPATH\Config\Services.php(280): CodeIgniter\Config\BaseService::getSharedInstance('filters', null)
12 SYSTEMPATH\Config\BaseService.php(253): CodeIgniter\Config\Services::filters()
13 SYSTEMPATH\CodeIgniter.php(435): CodeIgniter\Config\BaseService::__callStatic('filters', [])
14 SYSTEMPATH\CodeIgniter.php(351): CodeIgniter\CodeIgniter->handleRequest(null, Object(Config\Cache), false)
15 FCPATH\index.php(67): CodeIgniter\CodeIgniter->run()
16 SYSTEMPATH\Commands\Server\rewrite.php(46): require_once('FCPATH\\index.php')
CRITICAL - 2022-11-25 02:43:47 --> syntax error, unexpected ''csrf'' (T_CONSTANT_ENCAPSED_STRING), expecting ']'
in APPPATH\Config\Filters.php on line 31.
 1 SYSTEMPATH\Autoloader\Autoloader.php(259): CodeIgniter\Autoloader\Autoloader->includeFile('APPPATH\\Config\\Filters.php')
 2 SYSTEMPATH\Autoloader\Autoloader.php(237): CodeIgniter\Autoloader\Autoloader->loadInNamespace('Config\\Filters')
 3 [internal function]: CodeIgniter\Autoloader\Autoloader->loadClass('Config\\Filters')
 4 [internal function]: spl_autoload_call('Config\\Filters')
 5 SYSTEMPATH\Config\Factories.php(155): class_exists('Config\\Filters')
 6 SYSTEMPATH\Config\Factories.php(125): CodeIgniter\Config\Factories::locateClass([...], 'Filters')
 7 SYSTEMPATH\Common.php(203): CodeIgniter\Config\Factories::__callStatic('config', [])
 8 SYSTEMPATH\Config\Services.php(283): config('Filters')
 9 SYSTEMPATH\Config\BaseService.php(253): CodeIgniter\Config\Services::filters(null, false)
10 SYSTEMPATH\Config\BaseService.php(194): CodeIgniter\Config\BaseService::__callStatic('filters', [...])
11 SYSTEMPATH\Config\Services.php(280): CodeIgniter\Config\BaseService::getSharedInstance('filters', null)
12 SYSTEMPATH\Config\BaseService.php(253): CodeIgniter\Config\Services::filters()
13 SYSTEMPATH\CodeIgniter.php(435): CodeIgniter\Config\BaseService::__callStatic('filters', [])
14 SYSTEMPATH\CodeIgniter.php(351): CodeIgniter\CodeIgniter->handleRequest(null, Object(Config\Cache), false)
15 FCPATH\index.php(67): CodeIgniter\CodeIgniter->run()
16 SYSTEMPATH\Commands\Server\rewrite.php(46): require_once('FCPATH\\index.php')
CRITICAL - 2022-11-25 02:43:48 --> syntax error, unexpected ''csrf'' (T_CONSTANT_ENCAPSED_STRING), expecting ']'
in APPPATH\Config\Filters.php on line 31.
 1 SYSTEMPATH\Autoloader\Autoloader.php(259): CodeIgniter\Autoloader\Autoloader->includeFile('APPPATH\\Config\\Filters.php')
 2 SYSTEMPATH\Autoloader\Autoloader.php(237): CodeIgniter\Autoloader\Autoloader->loadInNamespace('Config\\Filters')
 3 [internal function]: CodeIgniter\Autoloader\Autoloader->loadClass('Config\\Filters')
 4 [internal function]: spl_autoload_call('Config\\Filters')
 5 SYSTEMPATH\Config\Factories.php(155): class_exists('Config\\Filters')
 6 SYSTEMPATH\Config\Factories.php(125): CodeIgniter\Config\Factories::locateClass([...], 'Filters')
 7 SYSTEMPATH\Common.php(203): CodeIgniter\Config\Factories::__callStatic('config', [])
 8 SYSTEMPATH\Config\Services.php(283): config('Filters')
 9 SYSTEMPATH\Config\BaseService.php(253): CodeIgniter\Config\Services::filters(null, false)
10 SYSTEMPATH\Config\BaseService.php(194): CodeIgniter\Config\BaseService::__callStatic('filters', [...])
11 SYSTEMPATH\Config\Services.php(280): CodeIgniter\Config\BaseService::getSharedInstance('filters', null)
12 SYSTEMPATH\Config\BaseService.php(253): CodeIgniter\Config\Services::filters()
13 SYSTEMPATH\CodeIgniter.php(435): CodeIgniter\Config\BaseService::__callStatic('filters', [])
14 SYSTEMPATH\CodeIgniter.php(351): CodeIgniter\CodeIgniter->handleRequest(null, Object(Config\Cache), false)
15 FCPATH\index.php(67): CodeIgniter\CodeIgniter->run()
16 SYSTEMPATH\Commands\Server\rewrite.php(46): require_once('FCPATH\\index.php')
